-------------------------------------------------------------------------------
Test set: mflix.api.daos.ProjectionTest
-------------------------------------------------------------------------------
Tests run: 2, Failures: 1, Errors: 0, Skipped: 0, Time elapsed: 0.007 s <<< FAILURE! - in mflix.api.daos.ProjectionTest
testFindMoviesByCountry  Time elapsed: 0.004 s  <<< FAILURE!
org.opentest4j.AssertionFailedError: Unexpected number of returned movie documents. Check your query filter ==> expected: <2> but was: <0>
	at mflix.api.daos.ProjectionTest.testFindMoviesByCountry(ProjectionTest.java:46)

