-------------------------------------------------------------------------------
Test set: mflix.api.daos.UserPreferencesTest
-------------------------------------------------------------------------------
Tests run: 3, Failures: 3, Errors: 0, Skipped: 0, Time elapsed: 0.208 s <<< FAILURE! - in mflix.api.daos.UserPreferencesTest
testNullPreferences  Time elapsed: 0.069 s  <<< FAILURE!
org.opentest4j.AssertionFailedError: Expected mflix.api.daos.IncorrectDaoOperation to be thrown, but nothing was thrown.
	at mflix.api.daos.UserPreferencesTest.testNullPreferences(UserPreferencesTest.java:98)

testUpdateSinglePreferences  Time elapsed: 0.065 s  <<< FAILURE!
org.opentest4j.AssertionFailedError: The response of the updateUserPreferences should result in true. Check your implementation of this method ==> expected: <true> but was: <false>
	at mflix.api.daos.UserPreferencesTest.testUpdateSinglePreferences(UserPreferencesTest.java:60)

testMultiplePreferences  Time elapsed: 0.07 s  <<< FAILURE!
org.opentest4j.AssertionFailedError: The response of the updateUserPreferences should result in true. Check your implementation of this method ==> expected: <true> but was: <false>
	at mflix.api.daos.UserPreferencesTest.testMultiplePreferences(UserPreferencesTest.java:81)

