-------------------------------------------------------------------------------
Test set: mflix.api.daos.UserReportTest
-------------------------------------------------------------------------------
Tests run: 1, Failures: 1, Errors: 0, Skipped: 0, Time elapsed: 0.003 s <<< FAILURE! - in mflix.api.daos.UserReportTest
testMostActiveUserComments  Time elapsed: 0.002 s  <<< FAILURE!
org.opentest4j.AssertionFailedError: mostActiveComments() should return 20 results ==> expected: <20> but was: <0>
	at mflix.api.daos.UserReportTest.testMostActiveUserComments(UserReportTest.java:42)

