<?xml version="1.0" encoding="UTF-8"?>
<testsuite xmlns:xsi="http://www.w3.org/2001/XMLSchema-instance" xsi:noNamespaceSchemaLocation="https://maven.apache.org/surefire/maven-surefire-plugin/xsd/surefire-test-report.xsd" name="mflix.api.daos.TimeoutsTest" time="1.24" tests="2" errors="2" skipped="0" failures="0">
  <properties>
[...]
</properties>
  <testcase name="testConfiguredConnectionTimeoutMs" classname="mflix.api.daos.TimeoutsTest" time="0.123">
    <error message="Cannot invoke &quot;java.lang.Integer.intValue()&quot; because the return value of &quot;com.mongodb.ConnectionString.getConnectTimeout()&quot; is null" type="java.lang.NullPointerException">java.lang.NullPointerException: Cannot invoke "java.lang.Integer.intValue()" because the return value of "com.mongodb.ConnectionString.getConnectTimeout()" is null
	at mflix.api.daos.TimeoutsTest.testConfiguredConnectionTimeoutMs(TimeoutsTest.java:58)
</error>
    <system-out><![CDATA[2022-06-09 19:49:22.301  INFO 11952 --- [           main] .b.t.c.SpringBootTestContextBootstrapper : Neither @ContextConfiguration nor @ContextHierarchy found for test class [mflix.api.daos.TimeoutsTest], using SpringBootContextLoader
2022-06-09 19:49:22.302  INFO 11952 --- [           main] o.s.t.c.support.AbstractContextLoader    : Could not detect default resource locations for test class [mflix.api.daos.TimeoutsTest]: no resource found for suffixes {-context.xml, Context.groovy}.
2022-06-09 19:49:22.305  INFO 11952 --- [           main] .b.t.c.SpringBootTestContextBootstrapper : Loaded default TestExecutionListener class names from location [META-INF/spring.factories]: [org.springframework.boot.test.mock.mockito.MockitoTestExecutionListener, org.springframework.boot.test.mock.mockito.ResetMocksTestExecutionListener, org.springframework.boot.test.autoconfigure.restdocs.RestDocsTestExecutionListener, org.springframework.boot.test.autoconfigure.web.client.MockRestServiceServerResetTestExecutionListener, org.springframework.boot.test.autoconfigure.web.servlet.MockMvcPrintOnlyOnFailureTestExecutionListener, org.springframework.boot.test.autoconfigure.web.servlet.WebDriverTestExecutionListener, org.springframework.boot.test.autoconfigure.webservices.client.MockWebServiceServerTestExecutionListener, org.springframework.test.context.web.ServletTestExecutionListener, org.springframework.test.context.support.DirtiesContextBeforeModesTestExecutionListener, org.springframework.test.context.event.ApplicationEventsTestExecutionListener, org.springframework.test.context.support.DependencyInjectionTestExecutionListener, org.springframework.test.context.support.DirtiesContextTestExecutionListener, org.springframework.test.context.transaction.TransactionalTestExecutionListener, org.springframework.test.context.jdbc.SqlScriptsTestExecutionListener, org.springframework.test.context.event.EventPublishingTestExecutionListener]
2022-06-09 19:49:22.306  INFO 11952 --- [           main] .b.t.c.SpringBootTestContextBootstrapper : Using TestExecutionListeners: [org.springframework.test.context.web.ServletTestExecutionListener@3568ea59, org.springframework.test.context.support.DirtiesContextBeforeModesTestExecutionListener@9f2376f, org.springframework.test.context.event.ApplicationEventsTestExecutionListener@173b1af1, org.springframework.boot.test.mock.mockito.MockitoTestExecutionListener@4a520f05, org.springframework.boot.test.autoconfigure.SpringBootDependencyInjectionTestExecutionListener@389a1e34, org.springframework.test.context.support.DirtiesContextTestExecutionListener@204b0f07, org.springframework.test.context.event.EventPublishingTestExecutionListener@6f68756d, org.springframework.boot.test.mock.mockito.ResetMocksTestExecutionListener@359865a2, org.springframework.boot.test.autoconfigure.restdocs.RestDocsTestExecutionListener@5d9bb69b, org.springframework.boot.test.autoconfigure.web.client.MockRestServiceServerResetTestExecutionListener@25d0b918, org.springframework.boot.test.autoconfigure.web.servlet.MockMvcPrintOnlyOnFailureTestExecutionListener@9bf63d2, org.springframework.boot.test.autoconfigure.web.servlet.WebDriverTestExecutionListener@7ffcb232, org.springframework.boot.test.autoconfigure.webservices.client.MockWebServiceServerTestExecutionListener@7f53fc38]

  .   ____          _            __ _ _
 /\\ / ___'_ __ _ _(_)_ __  __ _ \ \ \ \
( ( )\___ | '_ | '_| | '_ \/ _` | \ \ \ \
 \\/  ___)| |_)| | | | | || (_| |  ) ) ) )
  '  |____| .__|_| |_|_| |_\__, | / / / /
 =========|_|==============|___/=/_/_/_/
 :: Spring Boot ::                (v2.7.0)

2022-06-09 19:49:22.334  INFO 11952 --- [           main] mflix.api.daos.TimeoutsTest              : Starting TimeoutsTest using Java 17.0.2 on LAPTOP-5707HIOS with PID 11952 (started by tomit in C:\Users\tomit\Documents\mflix)
2022-06-09 19:49:22.335  INFO 11952 --- [           main] mflix.api.daos.TimeoutsTest              : No active profile set, falling back to 1 default profile: "default"
2022-06-09 19:49:22.735  INFO 11952 --- [           main] org.mongodb.driver.cluster               : Cluster created with settings {hosts=[ac-mab1ksh-shard-00-00.npmecby.mongodb.net:27017, ac-mab1ksh-shard-00-01.npmecby.mongodb.net:27017, ac-mab1ksh-shard-00-02.npmecby.mongodb.net:27017], mode=MULTIPLE, requiredClusterType=REPLICA_SET, serverSelectionTimeout='30000 ms', maxWaitQueueSize=250, requiredReplicaSetName='atlas-n8vu6c-shard-0'}
2022-06-09 19:49:22.735  INFO 11952 --- [           main] org.mongodb.driver.cluster               : Adding discovered server ac-mab1ksh-shard-00-00.npmecby.mongodb.net:27017 to client view of cluster
2022-06-09 19:49:22.735  INFO 11952 --- [           main] org.mongodb.driver.cluster               : Adding discovered server ac-mab1ksh-shard-00-01.npmecby.mongodb.net:27017 to client view of cluster
2022-06-09 19:49:22.736  INFO 11952 --- [           main] org.mongodb.driver.cluster               : Adding discovered server ac-mab1ksh-shard-00-02.npmecby.mongodb.net:27017 to client view of cluster
2022-06-09 19:49:22.908  INFO 11952 --- [ngodb.net:27017] org.mongodb.driver.connection            : Opened connection [connectionId{localValue:24, serverValue:476671}] to ac-mab1ksh-shard-00-00.npmecby.mongodb.net:27017
2022-06-09 19:49:22.912  INFO 11952 --- [ngodb.net:27017] org.mongodb.driver.connection            : Opened connection [connectionId{localValue:26, serverValue:1292015}] to ac-mab1ksh-shard-00-02.npmecby.mongodb.net:27017
2022-06-09 19:49:22.912  INFO 11952 --- [ngodb.net:27017] org.mongodb.driver.connection            : Opened connection [connectionId{localValue:25, serverValue:475043}] to ac-mab1ksh-shard-00-01.npmecby.mongodb.net:27017
2022-06-09 19:49:22.937  INFO 11952 --- [ngodb.net:27017] org.mongodb.driver.cluster               : Monitor thread successfully connected to server with description ServerDescription{address=ac-mab1ksh-shard-00-00.npmecby.mongodb.net:27017, type=REPLICA_SET_SECONDARY, state=CONNECTED, ok=true, version=ServerVersion{versionList=[5, 0, 8]}, minWireVersion=0, maxWireVersion=13, maxDocumentSize=16777216, logicalSessionTimeoutMinutes=30, roundTripTimeNanos=28515000, setName='atlas-n8vu6c-shard-0', canonicalAddress=ac-mab1ksh-shard-00-00.npmecby.mongodb.net:27017, hosts=[ac-mab1ksh-shard-00-00.npmecby.mongodb.net:27017, ac-mab1ksh-shard-00-02.npmecby.mongodb.net:27017, ac-mab1ksh-shard-00-01.npmecby.mongodb.net:27017], passives=[], arbiters=[], primary='ac-mab1ksh-shard-00-02.npmecby.mongodb.net:27017', tagSet=TagSet{[Tag{name='region', value='EU_CENTRAL_1'}, Tag{name='workloadType', value='OPERATIONAL'}, Tag{name='provider', value='AWS'}, Tag{name='nodeType', value='ELECTABLE'}]}, electionId=null, setVersion=8, lastWriteDate=Thu Jun 09 19:49:22 CEST 2022, lastUpdateTimeNanos=177734809597200}
2022-06-09 19:49:22.940  INFO 11952 --- [ngodb.net:27017] org.mongodb.driver.cluster               : Monitor thread successfully connected to server with description ServerDescription{address=ac-mab1ksh-shard-00-01.npmecby.mongodb.net:27017, type=REPLICA_SET_SECONDARY, state=CONNECTED, ok=true, version=ServerVersion{versionList=[5, 0, 8]}, minWireVersion=0, maxWireVersion=13, maxDocumentSize=16777216, logicalSessionTimeoutMinutes=30, roundTripTimeNanos=27874800, setName='atlas-n8vu6c-shard-0', canonicalAddress=ac-mab1ksh-shard-00-01.npmecby.mongodb.net:27017, hosts=[ac-mab1ksh-shard-00-00.npmecby.mongodb.net:27017, ac-mab1ksh-shard-00-02.npmecby.mongodb.net:27017, ac-mab1ksh-shard-00-01.npmecby.mongodb.net:27017], passives=[], arbiters=[], primary='ac-mab1ksh-shard-00-02.npmecby.mongodb.net:27017', tagSet=TagSet{[Tag{name='provider', value='AWS'}, Tag{name='region', value='EU_CENTRAL_1'}, Tag{name='nodeType', value='ELECTABLE'}, Tag{name='workloadType', value='OPERATIONAL'}]}, electionId=null, setVersion=8, lastWriteDate=Thu Jun 09 19:49:22 CEST 2022, lastUpdateTimeNanos=177734812437700}
2022-06-09 19:49:22.940  INFO 11952 --- [ngodb.net:27017] org.mongodb.driver.cluster               : Monitor thread successfully connected to server with description ServerDescription{address=ac-mab1ksh-shard-00-02.npmecby.mongodb.net:27017, type=REPLICA_SET_PRIMARY, state=CONNECTED, ok=true, version=ServerVersion{versionList=[5, 0, 8]}, minWireVersion=0, maxWireVersion=13, maxDocumentSize=16777216, logicalSessionTimeoutMinutes=30, roundTripTimeNanos=27924000, setName='atlas-n8vu6c-shard-0', canonicalAddress=ac-mab1ksh-shard-00-02.npmecby.mongodb.net:27017, hosts=[ac-mab1ksh-shard-00-00.npmecby.mongodb.net:27017, ac-mab1ksh-shard-00-02.npmecby.mongodb.net:27017, ac-mab1ksh-shard-00-01.npmecby.mongodb.net:27017], passives=[], arbiters=[], primary='ac-mab1ksh-shard-00-02.npmecby.mongodb.net:27017', tagSet=TagSet{[Tag{name='nodeType', value='ELECTABLE'}, Tag{name='region', value='EU_CENTRAL_1'}, Tag{name='workloadType', value='OPERATIONAL'}, Tag{name='provider', value='AWS'}]}, electionId=7fffffff00000000000001fc, setVersion=8, lastWriteDate=Thu Jun 09 19:49:22 CEST 2022, lastUpdateTimeNanos=177734812437700}
2022-06-09 19:49:22.940  INFO 11952 --- [ngodb.net:27017] org.mongodb.driver.cluster               : Setting max election id to 7fffffff00000000000001fc from replica set primary ac-mab1ksh-shard-00-02.npmecby.mongodb.net:27017
2022-06-09 19:49:22.940  INFO 11952 --- [ngodb.net:27017] org.mongodb.driver.cluster               : Setting max set version to 8 from replica set primary ac-mab1ksh-shard-00-02.npmecby.mongodb.net:27017
2022-06-09 19:49:22.940  INFO 11952 --- [ngodb.net:27017] org.mongodb.driver.cluster               : Discovered replica set primary ac-mab1ksh-shard-00-02.npmecby.mongodb.net:27017
2022-06-09 19:49:22.990  INFO 11952 --- [           main] o.s.b.a.w.s.WelcomePageHandlerMapping    : Adding welcome page: class path resource [public/index.html]
2022-06-09 19:49:23.181  WARN 11952 --- [           main] .s.s.UserDetailsServiceAutoConfiguration : 

Using generated security password: f7adcaa2-31ed-4f9e-9f67-1bb521cb21ad

This generated password is for development use only. Your security configuration must be updated before running your application in production.

2022-06-09 19:49:23.295  INFO 11952 --- [           main] o.s.s.web.DefaultSecurityFilterChain     : Will secure any request with [org.springframework.security.web.session.DisableEncodeUrlFilter@681d704e, org.springframework.security.web.context.request.async.WebAsyncManagerIntegrationFilter@846b47, org.springframework.security.web.context.SecurityContextPersistenceFilter@11adab6d, org.springframework.security.web.header.HeaderWriterFilter@389008d1, org.springframework.security.web.csrf.CsrfFilter@12be4f83, org.springframework.security.web.authentication.logout.LogoutFilter@32328dc4, org.springframework.security.web.authentication.UsernamePasswordAuthenticationFilter@70f98f7a, org.springframework.security.web.authentication.ui.DefaultLoginPageGeneratingFilter@2152fde5, org.springframework.security.web.authentication.ui.DefaultLogoutPageGeneratingFilter@3c3ab672, org.springframework.security.web.authentication.www.BasicAuthenticationFilter@713e7d9a, org.springframework.security.web.savedrequest.RequestCacheAwareFilter@11bfd751, org.springframework.security.web.servletapi.SecurityContextHolderAwareRequestFilter@29519337, org.springframework.security.web.authentication.AnonymousAuthenticationFilter@3e6acec2, org.springframework.security.web.session.SessionManagementFilter@718f3088, org.springframework.security.web.access.ExceptionTranslationFilter@eb1d475, org.springframework.security.web.access.intercept.FilterSecurityInterceptor@1c8e8fed]
2022-06-09 19:49:23.356  INFO 11952 --- [           main] mflix.api.daos.TimeoutsTest              : Started TimeoutsTest in 1.048 seconds (JVM running for 14.495)
2022-06-09 19:49:23.404  INFO 11952 --- [           main] org.mongodb.driver.cluster               : Cluster created with settings {hosts=[ac-mab1ksh-shard-00-02.npmecby.mongodb.net:27017, ac-mab1ksh-shard-00-01.npmecby.mongodb.net:27017, ac-mab1ksh-shard-00-00.npmecby.mongodb.net:27017], mode=MULTIPLE, requiredClusterType=REPLICA_SET, serverSelectionTimeout='30000 ms', maxWaitQueueSize=250, requiredReplicaSetName='atlas-n8vu6c-shard-0'}
2022-06-09 19:49:23.404  INFO 11952 --- [           main] org.mongodb.driver.cluster               : Adding discovered server ac-mab1ksh-shard-00-02.npmecby.mongodb.net:27017 to client view of cluster
2022-06-09 19:49:23.405  INFO 11952 --- [           main] org.mongodb.driver.cluster               : Adding discovered server ac-mab1ksh-shard-00-01.npmecby.mongodb.net:27017 to client view of cluster
2022-06-09 19:49:23.406  INFO 11952 --- [           main] org.mongodb.driver.cluster               : Adding discovered server ac-mab1ksh-shard-00-00.npmecby.mongodb.net:27017 to client view of cluster
]]></system-out>
  </testcase>
  <testcase name="testConfiguredWtimeout" classname="mflix.api.daos.TimeoutsTest" time="0.06">
    <error message="Cannot invoke &quot;java.lang.Integer.intValue()&quot; because the return value of &quot;com.mongodb.WriteConcern.getWTimeout(java.util.concurrent.TimeUnit)&quot; is null" type="java.lang.NullPointerException">java.lang.NullPointerException: Cannot invoke "java.lang.Integer.intValue()" because the return value of "com.mongodb.WriteConcern.getWTimeout(java.util.concurrent.TimeUnit)" is null
	at mflix.api.daos.TimeoutsTest.testConfiguredWtimeout(TimeoutsTest.java:49)
</error>
    <system-out><![CDATA[2022-06-09 19:49:23.539  INFO 11952 --- [           main] org.mongodb.driver.cluster               : Cluster created with settings {hosts=[ac-mab1ksh-shard-00-01.npmecby.mongodb.net:27017, ac-mab1ksh-shard-00-00.npmecby.mongodb.net:27017, ac-mab1ksh-shard-00-02.npmecby.mongodb.net:27017], mode=MULTIPLE, requiredClusterType=REPLICA_SET, serverSelectionTimeout='30000 ms', maxWaitQueueSize=250, requiredReplicaSetName='atlas-n8vu6c-shard-0'}
2022-06-09 19:49:23.539  INFO 11952 --- [           main] org.mongodb.driver.cluster               : Adding discovered server ac-mab1ksh-shard-00-01.npmecby.mongodb.net:27017 to client view of cluster
2022-06-09 19:49:23.540  INFO 11952 --- [           main] org.mongodb.driver.cluster               : Adding discovered server ac-mab1ksh-shard-00-00.npmecby.mongodb.net:27017 to client view of cluster
2022-06-09 19:49:23.540  INFO 11952 --- [           main] org.mongodb.driver.cluster               : Adding discovered server ac-mab1ksh-shard-00-02.npmecby.mongodb.net:27017 to client view of cluster
]]></system-out>
  </testcase>
</testsuite>