<?xml version="1.0" encoding="UTF-8"?>
<testsuite xmlns:xsi="http://www.w3.org/2001/XMLSchema-instance" xsi:noNamespaceSchemaLocation="https://maven.apache.org/surefire/maven-surefire-plugin/xsd/surefire-test-report.xsd" name="mflix.api.daos.DeleteCommentTest" time="0.452" tests="5" errors="0" skipped="0" failures="2">
  <properties>
[...]
</properties>
  <testcase name="testDeleteInvalidCommentId" classname="mflix.api.daos.DeleteCommentTest" time="0.133">
    <failure message="Expected java.lang.IllegalArgumentException to be thrown, but nothing was thrown." type="org.opentest4j.AssertionFailedError">org.opentest4j.AssertionFailedError: Expected java.lang.IllegalArgumentException to be thrown, but nothing was thrown.
	at mflix.api.daos.DeleteCommentTest.testDeleteInvalidCommentId(DeleteCommentTest.java:81)
</failure>
    <system-out><![CDATA[2022-06-09 19:49:16.751  INFO 11952 --- [           main] .b.t.c.SpringBootTestContextBootstrapper : Neither @ContextConfiguration nor @ContextHierarchy found for test class [mflix.api.daos.DeleteCommentTest], using SpringBootContextLoader
2022-06-09 19:49:16.752  INFO 11952 --- [           main] o.s.t.c.support.AbstractContextLoader    : Could not detect default resource locations for test class [mflix.api.daos.DeleteCommentTest]: no resource found for suffixes {-context.xml, Context.groovy}.
2022-06-09 19:49:16.759  INFO 11952 --- [           main] .b.t.c.SpringBootTestContextBootstrapper : Loaded default TestExecutionListener class names from location [META-INF/spring.factories]: [org.springframework.boot.test.mock.mockito.MockitoTestExecutionListener, org.springframework.boot.test.mock.mockito.ResetMocksTestExecutionListener, org.springframework.boot.test.autoconfigure.restdocs.RestDocsTestExecutionListener, org.springframework.boot.test.autoconfigure.web.client.MockRestServiceServerResetTestExecutionListener, org.springframework.boot.test.autoconfigure.web.servlet.MockMvcPrintOnlyOnFailureTestExecutionListener, org.springframework.boot.test.autoconfigure.web.servlet.WebDriverTestExecutionListener, org.springframework.boot.test.autoconfigure.webservices.client.MockWebServiceServerTestExecutionListener, org.springframework.test.context.web.ServletTestExecutionListener, org.springframework.test.context.support.DirtiesContextBeforeModesTestExecutionListener, org.springframework.test.context.event.ApplicationEventsTestExecutionListener, org.springframework.test.context.support.DependencyInjectionTestExecutionListener, org.springframework.test.context.support.DirtiesContextTestExecutionListener, org.springframework.test.context.transaction.TransactionalTestExecutionListener, org.springframework.test.context.jdbc.SqlScriptsTestExecutionListener, org.springframework.test.context.event.EventPublishingTestExecutionListener]
2022-06-09 19:49:16.761  INFO 11952 --- [           main] .b.t.c.SpringBootTestContextBootstrapper : Using TestExecutionListeners: [org.springframework.test.context.web.ServletTestExecutionListener@fcf9525, org.springframework.test.context.support.DirtiesContextBeforeModesTestExecutionListener@300bb303, org.springframework.test.context.event.ApplicationEventsTestExecutionListener@4243341e, org.springframework.boot.test.mock.mockito.MockitoTestExecutionListener@d1c5cf2, org.springframework.boot.test.autoconfigure.SpringBootDependencyInjectionTestExecutionListener@7e0986c9, org.springframework.test.context.support.DirtiesContextTestExecutionListener@1377b1a0, org.springframework.test.context.event.EventPublishingTestExecutionListener@48cf8414, org.springframework.boot.test.mock.mockito.ResetMocksTestExecutionListener@27dbaa33, org.springframework.boot.test.autoconfigure.restdocs.RestDocsTestExecutionListener@15d65fcf, org.springframework.boot.test.autoconfigure.web.client.MockRestServiceServerResetTestExecutionListener@3b021664, org.springframework.boot.test.autoconfigure.web.servlet.MockMvcPrintOnlyOnFailureTestExecutionListener@f59da34, org.springframework.boot.test.autoconfigure.web.servlet.WebDriverTestExecutionListener@752973de, org.springframework.boot.test.autoconfigure.webservices.client.MockWebServiceServerTestExecutionListener@52a67293]
]]></system-out>
  </testcase>
  <testcase name="testDeleteIncorrectCommentId" classname="mflix.api.daos.DeleteCommentTest" time="0.1"/>
  <testcase name="testDeleteOfOwnedComment" classname="mflix.api.daos.DeleteCommentTest" time="0.07">
    <failure message="Should be able to delete owns comments: Check your deleteComment() method ==&gt; expected: &lt;true&gt; but was: &lt;false&gt;" type="org.opentest4j.AssertionFailedError"><![CDATA[org.opentest4j.AssertionFailedError: Should be able to delete owns comments: Check your deleteComment() method ==> expected: <true> but was: <false>
	at mflix.api.daos.DeleteCommentTest.testDeleteOfOwnedComment(DeleteCommentTest.java:57)
]]></failure>
    <system-out><![CDATA[2022-06-09 19:49:16.999  INFO 11952 --- [ngodb.net:27017] org.mongodb.driver.cluster               : Monitor thread successfully connected to server with description ServerDescription{address=ac-mab1ksh-shard-00-00.npmecby.mongodb.net:27017, type=REPLICA_SET_SECONDARY, state=CONNECTED, ok=true, version=ServerVersion{versionList=[5, 0, 8]}, minWireVersion=0, maxWireVersion=13, maxDocumentSize=16777216, logicalSessionTimeoutMinutes=30, roundTripTimeNanos=30372500, setName='atlas-n8vu6c-shard-0', canonicalAddress=ac-mab1ksh-shard-00-00.npmecby.mongodb.net:27017, hosts=[ac-mab1ksh-shard-00-00.npmecby.mongodb.net:27017, ac-mab1ksh-shard-00-02.npmecby.mongodb.net:27017, ac-mab1ksh-shard-00-01.npmecby.mongodb.net:27017], passives=[], arbiters=[], primary='ac-mab1ksh-shard-00-02.npmecby.mongodb.net:27017', tagSet=TagSet{[Tag{name='workloadType', value='OPERATIONAL'}, Tag{name='nodeType', value='ELECTABLE'}, Tag{name='region', value='EU_CENTRAL_1'}, Tag{name='provider', value='AWS'}]}, electionId=null, setVersion=8, lastWriteDate=Thu Jun 09 19:49:16 CEST 2022, lastUpdateTimeNanos=177728870169700}
]]></system-out>
  </testcase>
  <testcase name="testDeleteNotOwnedComment" classname="mflix.api.daos.DeleteCommentTest" time="0.072"/>
  <testcase name="testDeleteNonExistingComment" classname="mflix.api.daos.DeleteCommentTest" time="0.069"/>
</testsuite>