<?xml version="1.0" encoding="UTF-8"?>
<testsuite xmlns:xsi="http://www.w3.org/2001/XMLSchema-instance" xsi:noNamespaceSchemaLocation="https://maven.apache.org/surefire/maven-surefire-plugin/xsd/surefire-test-report.xsd" name="mflix.api.daos.MigrationTest" time="2.525" tests="2" errors="0" skipped="0" failures="2">
  <properties>
[...]
</properties>
  <testcase name="testAllDocumentsIMDBRatingNumber" classname="mflix.api.daos.MigrationTest" time="0.551">
    <failure message="Should not find documents where `imdb.rating` is of not of `number` type ==&gt; expected: &lt;0&gt; but was: &lt;61&gt;" type="org.opentest4j.AssertionFailedError"><![CDATA[org.opentest4j.AssertionFailedError: Should not find documents where `imdb.rating` is of not of `number` type ==> expected: <0> but was: <61>
	at mflix.api.daos.MigrationTest.testAllDocumentsIMDBRatingNumber(MigrationTest.java:40)
]]></failure>
    <system-out><![CDATA[2022-06-09 19:49:18.081  INFO 11952 --- [           main] .b.t.c.SpringBootTestContextBootstrapper : Neither @ContextConfiguration nor @ContextHierarchy found for test class [mflix.api.daos.MigrationTest], using SpringBootContextLoader
2022-06-09 19:49:18.082  INFO 11952 --- [           main] o.s.t.c.support.AbstractContextLoader    : Could not detect default resource locations for test class [mflix.api.daos.MigrationTest]: no resource found for suffixes {-context.xml, Context.groovy}.
2022-06-09 19:49:18.083  INFO 11952 --- [           main] t.c.s.AnnotationConfigContextLoaderUtils : Could not detect default configuration classes for test class [mflix.api.daos.MigrationTest]: MigrationTest does not declare any static, non-private, non-final, nested classes annotated with @Configuration.
2022-06-09 19:49:18.105  INFO 11952 --- [           main] .b.t.c.SpringBootTestContextBootstrapper : Found @SpringBootConfiguration mflix.Application for test class mflix.api.daos.MigrationTest
2022-06-09 19:49:18.107  INFO 11952 --- [           main] .b.t.c.SpringBootTestContextBootstrapper : Loaded default TestExecutionListener class names from location [META-INF/spring.factories]: [org.springframework.boot.test.mock.mockito.MockitoTestExecutionListener, org.springframework.boot.test.mock.mockito.ResetMocksTestExecutionListener, org.springframework.boot.test.autoconfigure.restdocs.RestDocsTestExecutionListener, org.springframework.boot.test.autoconfigure.web.client.MockRestServiceServerResetTestExecutionListener, org.springframework.boot.test.autoconfigure.web.servlet.MockMvcPrintOnlyOnFailureTestExecutionListener, org.springframework.boot.test.autoconfigure.web.servlet.WebDriverTestExecutionListener, org.springframework.boot.test.autoconfigure.webservices.client.MockWebServiceServerTestExecutionListener, org.springframework.test.context.web.ServletTestExecutionListener, org.springframework.test.context.support.DirtiesContextBeforeModesTestExecutionListener, org.springframework.test.context.event.ApplicationEventsTestExecutionListener, org.springframework.test.context.support.DependencyInjectionTestExecutionListener, org.springframework.test.context.support.DirtiesContextTestExecutionListener, org.springframework.test.context.transaction.TransactionalTestExecutionListener, org.springframework.test.context.jdbc.SqlScriptsTestExecutionListener, org.springframework.test.context.event.EventPublishingTestExecutionListener]
2022-06-09 19:49:18.108  INFO 11952 --- [           main] .b.t.c.SpringBootTestContextBootstrapper : Using TestExecutionListeners: [org.springframework.test.context.web.ServletTestExecutionListener@8851ec, org.springframework.test.context.support.DirtiesContextBeforeModesTestExecutionListener@18b40fe6, org.springframework.test.context.event.ApplicationEventsTestExecutionListener@7198ab9a, org.springframework.boot.test.mock.mockito.MockitoTestExecutionListener@67d5ac2f, org.springframework.boot.test.autoconfigure.SpringBootDependencyInjectionTestExecutionListener@25109608, org.springframework.test.context.support.DirtiesContextTestExecutionListener@1d637673, org.springframework.test.context.event.EventPublishingTestExecutionListener@2913ca3e, org.springframework.boot.test.mock.mockito.ResetMocksTestExecutionListener@636dbfe7, org.springframework.boot.test.autoconfigure.restdocs.RestDocsTestExecutionListener@42ecc554, org.springframework.boot.test.autoconfigure.web.client.MockRestServiceServerResetTestExecutionListener@443af394, org.springframework.boot.test.autoconfigure.web.servlet.MockMvcPrintOnlyOnFailureTestExecutionListener@734f8317, org.springframework.boot.test.autoconfigure.web.servlet.WebDriverTestExecutionListener@7dd3981e, org.springframework.boot.test.autoconfigure.webservices.client.MockWebServiceServerTestExecutionListener@59313495]

  .   ____          _            __ _ _
 /\\ / ___'_ __ _ _(_)_ __  __ _ \ \ \ \
( ( )\___ | '_ | '_| | '_ \/ _` | \ \ \ \
 \\/  ___)| |_)| | | | | || (_| |  ) ) ) )
  '  |____| .__|_| |_|_| |_\__, | / / / /
 =========|_|==============|___/=/_/_/_/
 :: Spring Boot ::                (v2.7.0)

2022-06-09 19:49:18.138  INFO 11952 --- [           main] mflix.api.daos.MigrationTest             : Starting MigrationTest using Java 17.0.2 on LAPTOP-5707HIOS with PID 11952 (started by tomit in C:\Users\tomit\Documents\mflix)
2022-06-09 19:49:18.139  INFO 11952 --- [           main] mflix.api.daos.MigrationTest             : No active profile set, falling back to 1 default profile: "default"
2022-06-09 19:49:18.753  INFO 11952 --- [           main] org.mongodb.driver.cluster               : Cluster created with settings {hosts=[ac-mab1ksh-shard-00-00.npmecby.mongodb.net:27017, ac-mab1ksh-shard-00-02.npmecby.mongodb.net:27017, ac-mab1ksh-shard-00-01.npmecby.mongodb.net:27017], mode=MULTIPLE, requiredClusterType=REPLICA_SET, serverSelectionTimeout='30000 ms', maxWaitQueueSize=250, requiredReplicaSetName='atlas-n8vu6c-shard-0'}
2022-06-09 19:49:18.754  INFO 11952 --- [           main] org.mongodb.driver.cluster               : Adding discovered server ac-mab1ksh-shard-00-00.npmecby.mongodb.net:27017 to client view of cluster
2022-06-09 19:49:18.755  INFO 11952 --- [           main] org.mongodb.driver.cluster               : Adding discovered server ac-mab1ksh-shard-00-02.npmecby.mongodb.net:27017 to client view of cluster
2022-06-09 19:49:18.755  INFO 11952 --- [           main] org.mongodb.driver.cluster               : Adding discovered server ac-mab1ksh-shard-00-01.npmecby.mongodb.net:27017 to client view of cluster
2022-06-09 19:49:18.941  INFO 11952 --- [ngodb.net:27017] org.mongodb.driver.connection            : Opened connection [connectionId{localValue:13, serverValue:476666}] to ac-mab1ksh-shard-00-00.npmecby.mongodb.net:27017
2022-06-09 19:49:18.944  INFO 11952 --- [ngodb.net:27017] org.mongodb.driver.connection            : Opened connection [connectionId{localValue:14, serverValue:1291407}] to ac-mab1ksh-shard-00-02.npmecby.mongodb.net:27017
2022-06-09 19:49:18.972  INFO 11952 --- [ngodb.net:27017] org.mongodb.driver.cluster               : Monitor thread successfully connected to server with description ServerDescription{address=ac-mab1ksh-shard-00-00.npmecby.mongodb.net:27017, type=REPLICA_SET_SECONDARY, state=CONNECTED, ok=true, version=ServerVersion{versionList=[5, 0, 8]}, minWireVersion=0, maxWireVersion=13, maxDocumentSize=16777216, logicalSessionTimeoutMinutes=30, roundTripTimeNanos=30527700, setName='atlas-n8vu6c-shard-0', canonicalAddress=ac-mab1ksh-shard-00-00.npmecby.mongodb.net:27017, hosts=[ac-mab1ksh-shard-00-00.npmecby.mongodb.net:27017, ac-mab1ksh-shard-00-02.npmecby.mongodb.net:27017, ac-mab1ksh-shard-00-01.npmecby.mongodb.net:27017], passives=[], arbiters=[], primary='ac-mab1ksh-shard-00-02.npmecby.mongodb.net:27017', tagSet=TagSet{[Tag{name='provider', value='AWS'}, Tag{name='workloadType', value='OPERATIONAL'}, Tag{name='nodeType', value='ELECTABLE'}, Tag{name='region', value='EU_CENTRAL_1'}]}, electionId=null, setVersion=8, lastWriteDate=Thu Jun 09 19:49:18 CEST 2022, lastUpdateTimeNanos=177730843529500}
2022-06-09 19:49:18.973  INFO 11952 --- [ngodb.net:27017] org.mongodb.driver.connection            : Opened connection [connectionId{localValue:15, serverValue:475045}] to ac-mab1ksh-shard-00-01.npmecby.mongodb.net:27017
2022-06-09 19:49:18.973  INFO 11952 --- [ngodb.net:27017] org.mongodb.driver.cluster               : Monitor thread successfully connected to server with description ServerDescription{address=ac-mab1ksh-shard-00-02.npmecby.mongodb.net:27017, type=REPLICA_SET_PRIMARY, state=CONNECTED, ok=true, version=ServerVersion{versionList=[5, 0, 8]}, minWireVersion=0, maxWireVersion=13, maxDocumentSize=16777216, logicalSessionTimeoutMinutes=30, roundTripTimeNanos=28698800, setName='atlas-n8vu6c-shard-0', canonicalAddress=ac-mab1ksh-shard-00-02.npmecby.mongodb.net:27017, hosts=[ac-mab1ksh-shard-00-00.npmecby.mongodb.net:27017, ac-mab1ksh-shard-00-02.npmecby.mongodb.net:27017, ac-mab1ksh-shard-00-01.npmecby.mongodb.net:27017], passives=[], arbiters=[], primary='ac-mab1ksh-shard-00-02.npmecby.mongodb.net:27017', tagSet=TagSet{[Tag{name='nodeType', value='ELECTABLE'}, Tag{name='workloadType', value='OPERATIONAL'}, Tag{name='provider', value='AWS'}, Tag{name='region', value='EU_CENTRAL_1'}]}, electionId=7fffffff00000000000001fc, setVersion=8, lastWriteDate=Thu Jun 09 19:49:18 CEST 2022, lastUpdateTimeNanos=177730845139100}
2022-06-09 19:49:18.973  INFO 11952 --- [ngodb.net:27017] org.mongodb.driver.cluster               : Setting max election id to 7fffffff00000000000001fc from replica set primary ac-mab1ksh-shard-00-02.npmecby.mongodb.net:27017
2022-06-09 19:49:18.973  INFO 11952 --- [ngodb.net:27017] org.mongodb.driver.cluster               : Setting max set version to 8 from replica set primary ac-mab1ksh-shard-00-02.npmecby.mongodb.net:27017
2022-06-09 19:49:18.973  INFO 11952 --- [ngodb.net:27017] org.mongodb.driver.cluster               : Discovered replica set primary ac-mab1ksh-shard-00-02.npmecby.mongodb.net:27017
2022-06-09 19:49:19.002  INFO 11952 --- [ngodb.net:27017] org.mongodb.driver.cluster               : Monitor thread successfully connected to server with description ServerDescription{address=ac-mab1ksh-shard-00-01.npmecby.mongodb.net:27017, type=REPLICA_SET_SECONDARY, state=CONNECTED, ok=true, version=ServerVersion{versionList=[5, 0, 8]}, minWireVersion=0, maxWireVersion=13, maxDocumentSize=16777216, logicalSessionTimeoutMinutes=30, roundTripTimeNanos=28605400, setName='atlas-n8vu6c-shard-0', canonicalAddress=ac-mab1ksh-shard-00-01.npmecby.mongodb.net:27017, hosts=[ac-mab1ksh-shard-00-00.npmecby.mongodb.net:27017, ac-mab1ksh-shard-00-02.npmecby.mongodb.net:27017, ac-mab1ksh-shard-00-01.npmecby.mongodb.net:27017], passives=[], arbiters=[], primary='ac-mab1ksh-shard-00-02.npmecby.mongodb.net:27017', tagSet=TagSet{[Tag{name='provider', value='AWS'}, Tag{name='region', value='EU_CENTRAL_1'}, Tag{name='nodeType', value='ELECTABLE'}, Tag{name='workloadType', value='OPERATIONAL'}]}, electionId=null, setVersion=8, lastWriteDate=Thu Jun 09 19:49:18 CEST 2022, lastUpdateTimeNanos=177730874015300}
2022-06-09 19:49:19.033  INFO 11952 --- [           main] o.s.s.web.DefaultSecurityFilterChain     : Will secure any request with [org.springframework.security.web.session.DisableEncodeUrlFilter@1851c7d2, org.springframework.security.web.context.request.async.WebAsyncManagerIntegrationFilter@250a946, org.springframework.security.web.context.SecurityContextPersistenceFilter@7e4ac598, org.springframework.security.web.header.HeaderWriterFilter@28b5662d, org.springframework.security.web.authentication.logout.LogoutFilter@580ffea, mflix.api.security.JWTAuthenticationFilter@5fe5c68b, org.springframework.security.web.savedrequest.RequestCacheAwareFilter@cf10c92, org.springframework.security.web.servletapi.SecurityContextHolderAwareRequestFilter@f76872f, org.springframework.security.web.authentication.AnonymousAuthenticationFilter@2ffb0d10, org.springframework.security.web.session.SessionManagementFilter@34b2d51a, org.springframework.security.web.access.ExceptionTranslationFilter@69b37f5c, org.springframework.security.web.access.intercept.FilterSecurityInterceptor@13dc6649]
2022-06-09 19:49:19.256  INFO 11952 --- [           main] o.s.b.a.w.s.WelcomePageHandlerMapping    : Adding welcome page: class path resource [public/index.html]
2022-06-09 19:49:19.512  INFO 11952 --- [           main] mflix.api.daos.MigrationTest             : Started MigrationTest in 1.401 seconds (JVM running for 10.65)
2022-06-09 19:49:19.554  INFO 11952 --- [           main] org.mongodb.driver.cluster               : Cluster created with settings {hosts=[ac-mab1ksh-shard-00-02.npmecby.mongodb.net:27017, ac-mab1ksh-shard-00-01.npmecby.mongodb.net:27017, ac-mab1ksh-shard-00-00.npmecby.mongodb.net:27017], mode=MULTIPLE, requiredClusterType=REPLICA_SET, serverSelectionTimeout='30000 ms', maxWaitQueueSize=250, requiredReplicaSetName='atlas-n8vu6c-shard-0'}
2022-06-09 19:49:19.555  INFO 11952 --- [           main] org.mongodb.driver.cluster               : Adding discovered server ac-mab1ksh-shard-00-02.npmecby.mongodb.net:27017 to client view of cluster
2022-06-09 19:49:19.556  INFO 11952 --- [           main] org.mongodb.driver.cluster               : Adding discovered server ac-mab1ksh-shard-00-01.npmecby.mongodb.net:27017 to client view of cluster
2022-06-09 19:49:19.556  INFO 11952 --- [           main] org.mongodb.driver.cluster               : Adding discovered server ac-mab1ksh-shard-00-00.npmecby.mongodb.net:27017 to client view of cluster
2022-06-09 19:49:19.560  INFO 11952 --- [           main] org.mongodb.driver.cluster               : No server chosen by com.mongodb.client.internal.MongoClientDelegate$1@6dcbbb49 from cluster description ClusterDescription{type=REPLICA_SET, connectionMode=MULTIPLE, serverDescriptions=[ServerDescription{address=ac-mab1ksh-shard-00-00.npmecby.mongodb.net:27017, type=UNKNOWN, state=CONNECTING}, ServerDescription{address=ac-mab1ksh-shard-00-02.npmecby.mongodb.net:27017, type=UNKNOWN, state=CONNECTING}, ServerDescription{address=ac-mab1ksh-shard-00-01.npmecby.mongodb.net:27017, type=UNKNOWN, state=CONNECTING}]}. Waiting for 30000 ms before timing out
2022-06-09 19:49:19.744  INFO 11952 --- [ngodb.net:27017] org.mongodb.driver.connection            : Opened connection [connectionId{localValue:16, serverValue:1291972}] to ac-mab1ksh-shard-00-02.npmecby.mongodb.net:27017
2022-06-09 19:49:19.743  INFO 11952 --- [ngodb.net:27017] org.mongodb.driver.connection            : Opened connection [connectionId{localValue:17, serverValue:475043}] to ac-mab1ksh-shard-00-01.npmecby.mongodb.net:27017
2022-06-09 19:49:19.747  INFO 11952 --- [ngodb.net:27017] org.mongodb.driver.connection            : Opened connection [connectionId{localValue:18, serverValue:476666}] to ac-mab1ksh-shard-00-00.npmecby.mongodb.net:27017
2022-06-09 19:49:19.771  INFO 11952 --- [ngodb.net:27017] org.mongodb.driver.cluster               : Monitor thread successfully connected to server with description ServerDescription{address=ac-mab1ksh-shard-00-01.npmecby.mongodb.net:27017, type=REPLICA_SET_SECONDARY, state=CONNECTED, ok=true, version=ServerVersion{versionList=[5, 0, 8]}, minWireVersion=0, maxWireVersion=13, maxDocumentSize=16777216, logicalSessionTimeoutMinutes=30, roundTripTimeNanos=26849400, setName='atlas-n8vu6c-shard-0', canonicalAddress=ac-mab1ksh-shard-00-01.npmecby.mongodb.net:27017, hosts=[ac-mab1ksh-shard-00-00.npmecby.mongodb.net:27017, ac-mab1ksh-shard-00-02.npmecby.mongodb.net:27017, ac-mab1ksh-shard-00-01.npmecby.mongodb.net:27017], passives=[], arbiters=[], primary='ac-mab1ksh-shard-00-02.npmecby.mongodb.net:27017', tagSet=TagSet{[Tag{name='nodeType', value='ELECTABLE'}, Tag{name='workloadType', value='OPERATIONAL'}, Tag{name='provider', value='AWS'}, Tag{name='region', value='EU_CENTRAL_1'}]}, electionId=null, setVersion=8, lastWriteDate=Thu Jun 09 19:49:19 CEST 2022, lastUpdateTimeNanos=177731642541500}
2022-06-09 19:49:19.771  INFO 11952 --- [ngodb.net:27017] org.mongodb.driver.cluster               : Monitor thread successfully connected to server with description ServerDescription{address=ac-mab1ksh-shard-00-02.npmecby.mongodb.net:27017, type=REPLICA_SET_PRIMARY, state=CONNECTED, ok=true, version=ServerVersion{versionList=[5, 0, 8]}, minWireVersion=0, maxWireVersion=13, maxDocumentSize=16777216, logicalSessionTimeoutMinutes=30, roundTripTimeNanos=26951400, setName='atlas-n8vu6c-shard-0', canonicalAddress=ac-mab1ksh-shard-00-02.npmecby.mongodb.net:27017, hosts=[ac-mab1ksh-shard-00-00.npmecby.mongodb.net:27017, ac-mab1ksh-shard-00-02.npmecby.mongodb.net:27017, ac-mab1ksh-shard-00-01.npmecby.mongodb.net:27017], passives=[], arbiters=[], primary='ac-mab1ksh-shard-00-02.npmecby.mongodb.net:27017', tagSet=TagSet{[Tag{name='workloadType', value='OPERATIONAL'}, Tag{name='provider', value='AWS'}, Tag{name='region', value='EU_CENTRAL_1'}, Tag{name='nodeType', value='ELECTABLE'}]}, electionId=7fffffff00000000000001fc, setVersion=8, lastWriteDate=Thu Jun 09 19:49:19 CEST 2022, lastUpdateTimeNanos=177731642543400}
2022-06-09 19:49:19.772  INFO 11952 --- [ngodb.net:27017] org.mongodb.driver.cluster               : Setting max election id to 7fffffff00000000000001fc from replica set primary ac-mab1ksh-shard-00-02.npmecby.mongodb.net:27017
2022-06-09 19:49:19.772  INFO 11952 --- [ngodb.net:27017] org.mongodb.driver.cluster               : Setting max set version to 8 from replica set primary ac-mab1ksh-shard-00-02.npmecby.mongodb.net:27017
2022-06-09 19:49:19.772  INFO 11952 --- [ngodb.net:27017] org.mongodb.driver.cluster               : Discovered replica set primary ac-mab1ksh-shard-00-02.npmecby.mongodb.net:27017
2022-06-09 19:49:19.772  INFO 11952 --- [           main] org.mongodb.driver.cluster               : No server chosen by ReadPreferenceServerSelector{readPreference=primary} from cluster description ClusterDescription{type=REPLICA_SET, connectionMode=MULTIPLE, serverDescriptions=[ServerDescription{address=ac-mab1ksh-shard-00-00.npmecby.mongodb.net:27017, type=UNKNOWN, state=CONNECTING}, ServerDescription{address=ac-mab1ksh-shard-00-02.npmecby.mongodb.net:27017, type=UNKNOWN, state=CONNECTING}, ServerDescription{address=ac-mab1ksh-shard-00-01.npmecby.mongodb.net:27017, type=REPLICA_SET_SECONDARY, state=CONNECTED, ok=true, version=ServerVersion{versionList=[5, 0, 8]}, minWireVersion=0, maxWireVersion=13, maxDocumentSize=16777216, logicalSessionTimeoutMinutes=30, roundTripTimeNanos=26849400, setName='atlas-n8vu6c-shard-0', canonicalAddress=ac-mab1ksh-shard-00-01.npmecby.mongodb.net:27017, hosts=[ac-mab1ksh-shard-00-00.npmecby.mongodb.net:27017, ac-mab1ksh-shard-00-02.npmecby.mongodb.net:27017, ac-mab1ksh-shard-00-01.npmecby.mongodb.net:27017], passives=[], arbiters=[], primary='ac-mab1ksh-shard-00-02.npmecby.mongodb.net:27017', tagSet=TagSet{[Tag{name='nodeType', value='ELECTABLE'}, Tag{name='workloadType', value='OPERATIONAL'}, Tag{name='provider', value='AWS'}, Tag{name='region', value='EU_CENTRAL_1'}]}, electionId=null, setVersion=8, lastWriteDate=Thu Jun 09 19:49:19 CEST 2022, lastUpdateTimeNanos=177731642541500}]}. Waiting for 30000 ms before timing out
2022-06-09 19:49:19.776  INFO 11952 --- [ngodb.net:27017] org.mongodb.driver.cluster               : Monitor thread successfully connected to server with description ServerDescription{address=ac-mab1ksh-shard-00-00.npmecby.mongodb.net:27017, type=REPLICA_SET_SECONDARY, state=CONNECTED, ok=true, version=ServerVersion{versionList=[5, 0, 8]}, minWireVersion=0, maxWireVersion=13, maxDocumentSize=16777216, logicalSessionTimeoutMinutes=30, roundTripTimeNanos=28539000, setName='atlas-n8vu6c-shard-0', canonicalAddress=ac-mab1ksh-shard-00-00.npmecby.mongodb.net:27017, hosts=[ac-mab1ksh-shard-00-00.npmecby.mongodb.net:27017, ac-mab1ksh-shard-00-02.npmecby.mongodb.net:27017, ac-mab1ksh-shard-00-01.npmecby.mongodb.net:27017], passives=[], arbiters=[], primary='ac-mab1ksh-shard-00-02.npmecby.mongodb.net:27017', tagSet=TagSet{[Tag{name='workloadType', value='OPERATIONAL'}, Tag{name='nodeType', value='ELECTABLE'}, Tag{name='region', value='EU_CENTRAL_1'}, Tag{name='provider', value='AWS'}]}, electionId=null, setVersion=8, lastWriteDate=Thu Jun 09 19:49:19 CEST 2022, lastUpdateTimeNanos=177731647272900}
2022-06-09 19:49:20.021  INFO 11952 --- [           main] org.mongodb.driver.connection            : Opened connection [connectionId{localValue:19, serverValue:1291173}] to ac-mab1ksh-shard-00-02.npmecby.mongodb.net:27017
]]></system-out>
  </testcase>
  <testcase name="testAllDocumentsUpdateDateIsDateType" classname="mflix.api.daos.MigrationTest" time="0.547">
    <failure message="Should not find documents where `lastupdated` is of `string` type ==&gt; expected: &lt;0&gt; but was: &lt;23530&gt;" type="org.opentest4j.AssertionFailedError"><![CDATA[org.opentest4j.AssertionFailedError: Should not find documents where `lastupdated` is of `string` type ==> expected: <0> but was: <23530>
	at mflix.api.daos.MigrationTest.testAllDocumentsUpdateDateIsDateType(MigrationTest.java:31)
]]></failure>
    <system-out><![CDATA[2022-06-09 19:49:20.107  INFO 11952 --- [           main] org.mongodb.driver.cluster               : Cluster created with settings {hosts=[ac-mab1ksh-shard-00-01.npmecby.mongodb.net:27017, ac-mab1ksh-shard-00-00.npmecby.mongodb.net:27017, ac-mab1ksh-shard-00-02.npmecby.mongodb.net:27017], mode=MULTIPLE, requiredClusterType=REPLICA_SET, serverSelectionTimeout='30000 ms', maxWaitQueueSize=250, requiredReplicaSetName='atlas-n8vu6c-shard-0'}
2022-06-09 19:49:20.108  INFO 11952 --- [           main] org.mongodb.driver.cluster               : Adding discovered server ac-mab1ksh-shard-00-01.npmecby.mongodb.net:27017 to client view of cluster
2022-06-09 19:49:20.108  INFO 11952 --- [           main] org.mongodb.driver.cluster               : Adding discovered server ac-mab1ksh-shard-00-00.npmecby.mongodb.net:27017 to client view of cluster
2022-06-09 19:49:20.108  INFO 11952 --- [           main] org.mongodb.driver.cluster               : Adding discovered server ac-mab1ksh-shard-00-02.npmecby.mongodb.net:27017 to client view of cluster
2022-06-09 19:49:20.109  INFO 11952 --- [           main] org.mongodb.driver.cluster               : No server chosen by com.mongodb.client.internal.MongoClientDelegate$1@6f1d799 from cluster description ClusterDescription{type=REPLICA_SET, connectionMode=MULTIPLE, serverDescriptions=[ServerDescription{address=ac-mab1ksh-shard-00-00.npmecby.mongodb.net:27017, type=UNKNOWN, state=CONNECTING}, ServerDescription{address=ac-mab1ksh-shard-00-02.npmecby.mongodb.net:27017, type=UNKNOWN, state=CONNECTING}, ServerDescription{address=ac-mab1ksh-shard-00-01.npmecby.mongodb.net:27017, type=UNKNOWN, state=CONNECTING}]}. Waiting for 30000 ms before timing out
2022-06-09 19:49:20.269  INFO 11952 --- [ngodb.net:27017] org.mongodb.driver.connection            : Opened connection [connectionId{localValue:20, serverValue:475045}] to ac-mab1ksh-shard-00-01.npmecby.mongodb.net:27017
2022-06-09 19:49:20.277  INFO 11952 --- [ngodb.net:27017] org.mongodb.driver.connection            : Opened connection [connectionId{localValue:22, serverValue:1291741}] to ac-mab1ksh-shard-00-02.npmecby.mongodb.net:27017
2022-06-09 19:49:20.278  INFO 11952 --- [ngodb.net:27017] org.mongodb.driver.connection            : Opened connection [connectionId{localValue:21, serverValue:476666}] to ac-mab1ksh-shard-00-00.npmecby.mongodb.net:27017
2022-06-09 19:49:20.295  INFO 11952 --- [ngodb.net:27017] org.mongodb.driver.cluster               : Monitor thread successfully connected to server with description ServerDescription{address=ac-mab1ksh-shard-00-01.npmecby.mongodb.net:27017, type=REPLICA_SET_SECONDARY, state=CONNECTED, ok=true, version=ServerVersion{versionList=[5, 0, 8]}, minWireVersion=0, maxWireVersion=13, maxDocumentSize=16777216, logicalSessionTimeoutMinutes=30, roundTripTimeNanos=25838000, setName='atlas-n8vu6c-shard-0', canonicalAddress=ac-mab1ksh-shard-00-01.npmecby.mongodb.net:27017, hosts=[ac-mab1ksh-shard-00-00.npmecby.mongodb.net:27017, ac-mab1ksh-shard-00-02.npmecby.mongodb.net:27017, ac-mab1ksh-shard-00-01.npmecby.mongodb.net:27017], passives=[], arbiters=[], primary='ac-mab1ksh-shard-00-02.npmecby.mongodb.net:27017', tagSet=TagSet{[Tag{name='provider', value='AWS'}, Tag{name='nodeType', value='ELECTABLE'}, Tag{name='region', value='EU_CENTRAL_1'}, Tag{name='workloadType', value='OPERATIONAL'}]}, electionId=null, setVersion=8, lastWriteDate=Thu Jun 09 19:49:19 CEST 2022, lastUpdateTimeNanos=177732166895800}
2022-06-09 19:49:20.296  INFO 11952 --- [           main] org.mongodb.driver.cluster               : No server chosen by ReadPreferenceServerSelector{readPreference=primary} from cluster description ClusterDescription{type=REPLICA_SET, connectionMode=MULTIPLE, serverDescriptions=[ServerDescription{address=ac-mab1ksh-shard-00-00.npmecby.mongodb.net:27017, type=UNKNOWN, state=CONNECTING}, ServerDescription{address=ac-mab1ksh-shard-00-02.npmecby.mongodb.net:27017, type=UNKNOWN, state=CONNECTING}, ServerDescription{address=ac-mab1ksh-shard-00-01.npmecby.mongodb.net:27017, type=REPLICA_SET_SECONDARY, state=CONNECTED, ok=true, version=ServerVersion{versionList=[5, 0, 8]}, minWireVersion=0, maxWireVersion=13, maxDocumentSize=16777216, logicalSessionTimeoutMinutes=30, roundTripTimeNanos=25838000, setName='atlas-n8vu6c-shard-0', canonicalAddress=ac-mab1ksh-shard-00-01.npmecby.mongodb.net:27017, hosts=[ac-mab1ksh-shard-00-00.npmecby.mongodb.net:27017, ac-mab1ksh-shard-00-02.npmecby.mongodb.net:27017, ac-mab1ksh-shard-00-01.npmecby.mongodb.net:27017], passives=[], arbiters=[], primary='ac-mab1ksh-shard-00-02.npmecby.mongodb.net:27017', tagSet=TagSet{[Tag{name='provider', value='AWS'}, Tag{name='nodeType', value='ELECTABLE'}, Tag{name='region', value='EU_CENTRAL_1'}, Tag{name='workloadType', value='OPERATIONAL'}]}, electionId=null, setVersion=8, lastWriteDate=Thu Jun 09 19:49:19 CEST 2022, lastUpdateTimeNanos=177732166895800}]}. Waiting for 30000 ms before timing out
2022-06-09 19:49:20.300  INFO 11952 --- [ngodb.net:27017] org.mongodb.driver.cluster               : Monitor thread successfully connected to server with description ServerDescription{address=ac-mab1ksh-shard-00-01.npmecby.mongodb.net:27017, type=REPLICA_SET_SECONDARY, state=CONNECTED, ok=true, version=ServerVersion{versionList=[5, 0, 8]}, minWireVersion=0, maxWireVersion=13, maxDocumentSize=16777216, logicalSessionTimeoutMinutes=30, roundTripTimeNanos=26773540, setName='atlas-n8vu6c-shard-0', canonicalAddress=ac-mab1ksh-shard-00-01.npmecby.mongodb.net:27017, hosts=[ac-mab1ksh-shard-00-00.npmecby.mongodb.net:27017, ac-mab1ksh-shard-00-02.npmecby.mongodb.net:27017, ac-mab1ksh-shard-00-01.npmecby.mongodb.net:27017], passives=[], arbiters=[], primary='ac-mab1ksh-shard-00-02.npmecby.mongodb.net:27017', tagSet=TagSet{[Tag{name='provider', value='AWS'}, Tag{name='region', value='EU_CENTRAL_1'}, Tag{name='nodeType', value='ELECTABLE'}, Tag{name='workloadType', value='OPERATIONAL'}]}, electionId=null, setVersion=8, lastWriteDate=Thu Jun 09 19:49:19 CEST 2022, lastUpdateTimeNanos=177732171786600}
2022-06-09 19:49:20.300  INFO 11952 --- [ngodb.net:27017] org.mongodb.driver.cluster               : Monitor thread successfully connected to server with description ServerDescription{address=ac-mab1ksh-shard-00-02.npmecby.mongodb.net:27017, type=REPLICA_SET_PRIMARY, state=CONNECTED, ok=true, version=ServerVersion{versionList=[5, 0, 8]}, minWireVersion=0, maxWireVersion=13, maxDocumentSize=16777216, logicalSessionTimeoutMinutes=30, roundTripTimeNanos=26843960, setName='atlas-n8vu6c-shard-0', canonicalAddress=ac-mab1ksh-shard-00-02.npmecby.mongodb.net:27017, hosts=[ac-mab1ksh-shard-00-00.npmecby.mongodb.net:27017, ac-mab1ksh-shard-00-02.npmecby.mongodb.net:27017, ac-mab1ksh-shard-00-01.npmecby.mongodb.net:27017], passives=[], arbiters=[], primary='ac-mab1ksh-shard-00-02.npmecby.mongodb.net:27017', tagSet=TagSet{[Tag{name='workloadType', value='OPERATIONAL'}, Tag{name='provider', value='AWS'}, Tag{name='nodeType', value='ELECTABLE'}, Tag{name='region', value='EU_CENTRAL_1'}]}, electionId=7fffffff00000000000001fc, setVersion=8, lastWriteDate=Thu Jun 09 19:49:19 CEST 2022, lastUpdateTimeNanos=177732171786600}
2022-06-09 19:49:20.304  INFO 11952 --- [ngodb.net:27017] org.mongodb.driver.cluster               : Monitor thread successfully connected to server with description ServerDescription{address=ac-mab1ksh-shard-00-00.npmecby.mongodb.net:27017, type=REPLICA_SET_SECONDARY, state=CONNECTED, ok=true, version=ServerVersion{versionList=[5, 0, 8]}, minWireVersion=0, maxWireVersion=13, maxDocumentSize=16777216, logicalSessionTimeoutMinutes=30, roundTripTimeNanos=26286700, setName='atlas-n8vu6c-shard-0', canonicalAddress=ac-mab1ksh-shard-00-00.npmecby.mongodb.net:27017, hosts=[ac-mab1ksh-shard-00-00.npmecby.mongodb.net:27017, ac-mab1ksh-shard-00-02.npmecby.mongodb.net:27017, ac-mab1ksh-shard-00-01.npmecby.mongodb.net:27017], passives=[], arbiters=[], primary='ac-mab1ksh-shard-00-02.npmecby.mongodb.net:27017', tagSet=TagSet{[Tag{name='workloadType', value='OPERATIONAL'}, Tag{name='nodeType', value='ELECTABLE'}, Tag{name='region', value='EU_CENTRAL_1'}, Tag{name='provider', value='AWS'}]}, electionId=null, setVersion=8, lastWriteDate=Thu Jun 09 19:49:19 CEST 2022, lastUpdateTimeNanos=177732176164200}
2022-06-09 19:49:20.304  INFO 11952 --- [ngodb.net:27017] org.mongodb.driver.cluster               : Monitor thread successfully connected to server with description ServerDescription{address=ac-mab1ksh-shard-00-02.npmecby.mongodb.net:27017, type=REPLICA_SET_PRIMARY, state=CONNECTED, ok=true, version=ServerVersion{versionList=[5, 0, 8]}, minWireVersion=0, maxWireVersion=13, maxDocumentSize=16777216, logicalSessionTimeoutMinutes=30, roundTripTimeNanos=26344800, setName='atlas-n8vu6c-shard-0', canonicalAddress=ac-mab1ksh-shard-00-02.npmecby.mongodb.net:27017, hosts=[ac-mab1ksh-shard-00-00.npmecby.mongodb.net:27017, ac-mab1ksh-shard-00-02.npmecby.mongodb.net:27017, ac-mab1ksh-shard-00-01.npmecby.mongodb.net:27017], passives=[], arbiters=[], primary='ac-mab1ksh-shard-00-02.npmecby.mongodb.net:27017', tagSet=TagSet{[Tag{name='workloadType', value='OPERATIONAL'}, Tag{name='provider', value='AWS'}, Tag{name='nodeType', value='ELECTABLE'}, Tag{name='region', value='EU_CENTRAL_1'}]}, electionId=7fffffff00000000000001fc, setVersion=8, lastWriteDate=Thu Jun 09 19:49:19 CEST 2022, lastUpdateTimeNanos=177732176164200}
2022-06-09 19:49:20.305  INFO 11952 --- [ngodb.net:27017] org.mongodb.driver.cluster               : Setting max election id to 7fffffff00000000000001fc from replica set primary ac-mab1ksh-shard-00-02.npmecby.mongodb.net:27017
2022-06-09 19:49:20.305  INFO 11952 --- [ngodb.net:27017] org.mongodb.driver.cluster               : Setting max set version to 8 from replica set primary ac-mab1ksh-shard-00-02.npmecby.mongodb.net:27017
2022-06-09 19:49:20.305  INFO 11952 --- [ngodb.net:27017] org.mongodb.driver.cluster               : Discovered replica set primary ac-mab1ksh-shard-00-02.npmecby.mongodb.net:27017
2022-06-09 19:49:20.563  INFO 11952 --- [           main] org.mongodb.driver.connection            : Opened connection [connectionId{localValue:23, serverValue:1291875}] to ac-mab1ksh-shard-00-02.npmecby.mongodb.net:27017
]]></system-out>
  </testcase>
</testsuite>