<?xml version="1.0" encoding="UTF-8"?>
<testsuite xmlns:xsi="http://www.w3.org/2001/XMLSchema-instance" xsi:noNamespaceSchemaLocation="https://maven.apache.org/surefire/maven-surefire-plugin/xsd/surefire-test-report.xsd" name="mflix.api.daos.UpdateCreateCommentTest" time="0.36" tests="5" errors="0" skipped="0" failures="4">
  <properties>
[...]
</properties>
  <testcase name="testUserAddCommentWithNoID" classname="mflix.api.daos.UpdateCreateCommentTest" time="0.078">
    <failure message="Expected mflix.api.daos.IncorrectDaoOperation to be thrown, but nothing was thrown." type="org.opentest4j.AssertionFailedError">org.opentest4j.AssertionFailedError: Expected mflix.api.daos.IncorrectDaoOperation to be thrown, but nothing was thrown.
	at mflix.api.daos.UpdateCreateCommentTest.testUserAddCommentWithNoID(UpdateCreateCommentTest.java:113)
</failure>
    <system-out><![CDATA[2022-06-09 19:49:23.547  INFO 11952 --- [           main] .b.t.c.SpringBootTestContextBootstrapper : Neither @ContextConfiguration nor @ContextHierarchy found for test class [mflix.api.daos.UpdateCreateCommentTest], using SpringBootContextLoader
2022-06-09 19:49:23.548  INFO 11952 --- [           main] o.s.t.c.support.AbstractContextLoader    : Could not detect default resource locations for test class [mflix.api.daos.UpdateCreateCommentTest]: no resource found for suffixes {-context.xml, Context.groovy}.
2022-06-09 19:49:23.552  INFO 11952 --- [           main] .b.t.c.SpringBootTestContextBootstrapper : Loaded default TestExecutionListener class names from location [META-INF/spring.factories]: [org.springframework.boot.test.mock.mockito.MockitoTestExecutionListener, org.springframework.boot.test.mock.mockito.ResetMocksTestExecutionListener, org.springframework.boot.test.autoconfigure.restdocs.RestDocsTestExecutionListener, org.springframework.boot.test.autoconfigure.web.client.MockRestServiceServerResetTestExecutionListener, org.springframework.boot.test.autoconfigure.web.servlet.MockMvcPrintOnlyOnFailureTestExecutionListener, org.springframework.boot.test.autoconfigure.web.servlet.WebDriverTestExecutionListener, org.springframework.boot.test.autoconfigure.webservices.client.MockWebServiceServerTestExecutionListener, org.springframework.test.context.web.ServletTestExecutionListener, org.springframework.test.context.support.DirtiesContextBeforeModesTestExecutionListener, org.springframework.test.context.event.ApplicationEventsTestExecutionListener, org.springframework.test.context.support.DependencyInjectionTestExecutionListener, org.springframework.test.context.support.DirtiesContextTestExecutionListener, org.springframework.test.context.transaction.TransactionalTestExecutionListener, org.springframework.test.context.jdbc.SqlScriptsTestExecutionListener, org.springframework.test.context.event.EventPublishingTestExecutionListener]
2022-06-09 19:49:23.554  INFO 11952 --- [           main] .b.t.c.SpringBootTestContextBootstrapper : Using TestExecutionListeners: [org.springframework.test.context.web.ServletTestExecutionListener@1b25d695, org.springframework.test.context.support.DirtiesContextBeforeModesTestExecutionListener@4ef8090b, org.springframework.test.context.event.ApplicationEventsTestExecutionListener@6d31f14, org.springframework.boot.test.mock.mockito.MockitoTestExecutionListener@404009df, org.springframework.boot.test.autoconfigure.SpringBootDependencyInjectionTestExecutionListener@75e4fe3c, org.springframework.test.context.support.DirtiesContextTestExecutionListener@7bda01da, org.springframework.test.context.event.EventPublishingTestExecutionListener@65ef9a0a, org.springframework.boot.test.mock.mockito.ResetMocksTestExecutionListener@25216999, org.springframework.boot.test.autoconfigure.restdocs.RestDocsTestExecutionListener@77e6761f, org.springframework.boot.test.autoconfigure.web.client.MockRestServiceServerResetTestExecutionListener@5c997de8, org.springframework.boot.test.autoconfigure.web.servlet.MockMvcPrintOnlyOnFailureTestExecutionListener@45bf93bb, org.springframework.boot.test.autoconfigure.web.servlet.WebDriverTestExecutionListener@6b7c4734, org.springframework.boot.test.autoconfigure.webservices.client.MockWebServiceServerTestExecutionListener@2f6e92ca]
2022-06-09 19:49:23.577  INFO 11952 --- [ngodb.net:27017] org.mongodb.driver.connection            : Opened connection [connectionId{localValue:29, serverValue:476670}] to ac-mab1ksh-shard-00-00.npmecby.mongodb.net:27017
2022-06-09 19:49:23.577  INFO 11952 --- [ngodb.net:27017] org.mongodb.driver.connection            : Opened connection [connectionId{localValue:27, serverValue:1292037}] to ac-mab1ksh-shard-00-02.npmecby.mongodb.net:27017
2022-06-09 19:49:23.577  INFO 11952 --- [ngodb.net:27017] org.mongodb.driver.connection            : Opened connection [connectionId{localValue:28, serverValue:475045}] to ac-mab1ksh-shard-00-01.npmecby.mongodb.net:27017
2022-06-09 19:49:23.604  INFO 11952 --- [ngodb.net:27017] org.mongodb.driver.cluster               : Monitor thread successfully connected to server with description ServerDescription{address=ac-mab1ksh-shard-00-00.npmecby.mongodb.net:27017, type=REPLICA_SET_SECONDARY, state=CONNECTED, ok=true, version=ServerVersion{versionList=[5, 0, 8]}, minWireVersion=0, maxWireVersion=13, maxDocumentSize=16777216, logicalSessionTimeoutMinutes=30, roundTripTimeNanos=26374100, setName='atlas-n8vu6c-shard-0', canonicalAddress=ac-mab1ksh-shard-00-00.npmecby.mongodb.net:27017, hosts=[ac-mab1ksh-shard-00-00.npmecby.mongodb.net:27017, ac-mab1ksh-shard-00-02.npmecby.mongodb.net:27017, ac-mab1ksh-shard-00-01.npmecby.mongodb.net:27017], passives=[], arbiters=[], primary='ac-mab1ksh-shard-00-02.npmecby.mongodb.net:27017', tagSet=TagSet{[Tag{name='nodeType', value='ELECTABLE'}, Tag{name='workloadType', value='OPERATIONAL'}, Tag{name='provider', value='AWS'}, Tag{name='region', value='EU_CENTRAL_1'}]}, electionId=null, setVersion=8, lastWriteDate=Thu Jun 09 19:49:23 CEST 2022, lastUpdateTimeNanos=177735476348600}
2022-06-09 19:49:23.604  INFO 11952 --- [ngodb.net:27017] org.mongodb.driver.cluster               : Monitor thread successfully connected to server with description ServerDescription{address=ac-mab1ksh-shard-00-01.npmecby.mongodb.net:27017, type=REPLICA_SET_SECONDARY, state=CONNECTED, ok=true, version=ServerVersion{versionList=[5, 0, 8]}, minWireVersion=0, maxWireVersion=13, maxDocumentSize=16777216, logicalSessionTimeoutMinutes=30, roundTripTimeNanos=26261900, setName='atlas-n8vu6c-shard-0', canonicalAddress=ac-mab1ksh-shard-00-01.npmecby.mongodb.net:27017, hosts=[ac-mab1ksh-shard-00-00.npmecby.mongodb.net:27017, ac-mab1ksh-shard-00-02.npmecby.mongodb.net:27017, ac-mab1ksh-shard-00-01.npmecby.mongodb.net:27017], passives=[], arbiters=[], primary='ac-mab1ksh-shard-00-02.npmecby.mongodb.net:27017', tagSet=TagSet{[Tag{name='provider', value='AWS'}, Tag{name='region', value='EU_CENTRAL_1'}, Tag{name='nodeType', value='ELECTABLE'}, Tag{name='workloadType', value='OPERATIONAL'}]}, electionId=null, setVersion=8, lastWriteDate=Thu Jun 09 19:49:23 CEST 2022, lastUpdateTimeNanos=177735476348700}
2022-06-09 19:49:23.605  INFO 11952 --- [ngodb.net:27017] org.mongodb.driver.cluster               : Monitor thread successfully connected to server with description ServerDescription{address=ac-mab1ksh-shard-00-02.npmecby.mongodb.net:27017, type=REPLICA_SET_PRIMARY, state=CONNECTED, ok=true, version=ServerVersion{versionList=[5, 0, 8]}, minWireVersion=0, maxWireVersion=13, maxDocumentSize=16777216, logicalSessionTimeoutMinutes=30, roundTripTimeNanos=27365600, setName='atlas-n8vu6c-shard-0', canonicalAddress=ac-mab1ksh-shard-00-02.npmecby.mongodb.net:27017, hosts=[ac-mab1ksh-shard-00-00.npmecby.mongodb.net:27017, ac-mab1ksh-shard-00-02.npmecby.mongodb.net:27017, ac-mab1ksh-shard-00-01.npmecby.mongodb.net:27017], passives=[], arbiters=[], primary='ac-mab1ksh-shard-00-02.npmecby.mongodb.net:27017', tagSet=TagSet{[Tag{name='region', value='EU_CENTRAL_1'}, Tag{name='workloadType', value='OPERATIONAL'}, Tag{name='provider', value='AWS'}, Tag{name='nodeType', value='ELECTABLE'}]}, electionId=7fffffff00000000000001fc, setVersion=8, lastWriteDate=Thu Jun 09 19:49:23 CEST 2022, lastUpdateTimeNanos=177735477397200}
2022-06-09 19:49:23.606  INFO 11952 --- [ngodb.net:27017] org.mongodb.driver.cluster               : Setting max election id to 7fffffff00000000000001fc from replica set primary ac-mab1ksh-shard-00-02.npmecby.mongodb.net:27017
2022-06-09 19:49:23.606  INFO 11952 --- [ngodb.net:27017] org.mongodb.driver.cluster               : Setting max set version to 8 from replica set primary ac-mab1ksh-shard-00-02.npmecby.mongodb.net:27017
2022-06-09 19:49:23.606  INFO 11952 --- [ngodb.net:27017] org.mongodb.driver.cluster               : Discovered replica set primary ac-mab1ksh-shard-00-02.npmecby.mongodb.net:27017
]]></system-out>
  </testcase>
  <testcase name="testAddCommentUsingObjectId" classname="mflix.api.daos.UpdateCreateCommentTest" time="0.097">
    <failure message="expected: not &lt;null&gt;" type="org.opentest4j.AssertionFailedError"><![CDATA[org.opentest4j.AssertionFailedError: expected: not <null>
	at mflix.api.daos.UpdateCreateCommentTest.testAddCommentUsingObjectId(UpdateCreateCommentTest.java:145)
]]></failure>
    <system-out><![CDATA[2022-06-09 19:49:23.714  INFO 11952 --- [ngodb.net:27017] org.mongodb.driver.connection            : Opened connection [connectionId{localValue:30, serverValue:475043}] to ac-mab1ksh-shard-00-01.npmecby.mongodb.net:27017
2022-06-09 19:49:23.714  INFO 11952 --- [ngodb.net:27017] org.mongodb.driver.connection            : Opened connection [connectionId{localValue:32, serverValue:1291983}] to ac-mab1ksh-shard-00-02.npmecby.mongodb.net:27017
2022-06-09 19:49:23.731  INFO 11952 --- [ngodb.net:27017] org.mongodb.driver.connection            : Opened connection [connectionId{localValue:31, serverValue:476671}] to ac-mab1ksh-shard-00-00.npmecby.mongodb.net:27017
]]></system-out>
  </testcase>
  <testcase name="testUserUpdatesOwnComments" classname="mflix.api.daos.UpdateCreateCommentTest" time="0.059">
    <failure message="Should be able to update his own comments. Check updateComment implementation ==&gt; expected: &lt;true&gt; but was: &lt;false&gt;" type="org.opentest4j.AssertionFailedError"><![CDATA[org.opentest4j.AssertionFailedError: Should be able to update his own comments. Check updateComment implementation ==> expected: <true> but was: <false>
	at mflix.api.daos.UpdateCreateCommentTest.testUserUpdatesOwnComments(UpdateCreateCommentTest.java:88)
]]></failure>
    <system-out><![CDATA[2022-06-09 19:49:23.739  INFO 11952 --- [ngodb.net:27017] org.mongodb.driver.cluster               : Monitor thread successfully connected to server with description ServerDescription{address=ac-mab1ksh-shard-00-02.npmecby.mongodb.net:27017, type=REPLICA_SET_PRIMARY, state=CONNECTED, ok=true, version=ServerVersion{versionList=[5, 0, 8]}, minWireVersion=0, maxWireVersion=13, maxDocumentSize=16777216, logicalSessionTimeoutMinutes=30, roundTripTimeNanos=24540900, setName='atlas-n8vu6c-shard-0', canonicalAddress=ac-mab1ksh-shard-00-02.npmecby.mongodb.net:27017, hosts=[ac-mab1ksh-shard-00-00.npmecby.mongodb.net:27017, ac-mab1ksh-shard-00-02.npmecby.mongodb.net:27017, ac-mab1ksh-shard-00-01.npmecby.mongodb.net:27017], passives=[], arbiters=[], primary='ac-mab1ksh-shard-00-02.npmecby.mongodb.net:27017', tagSet=TagSet{[Tag{name='workloadType', value='OPERATIONAL'}, Tag{name='provider', value='AWS'}, Tag{name='region', value='EU_CENTRAL_1'}, Tag{name='nodeType', value='ELECTABLE'}]}, electionId=7fffffff00000000000001fc, setVersion=8, lastWriteDate=Thu Jun 09 19:49:23 CEST 2022, lastUpdateTimeNanos=177735611666400}
2022-06-09 19:49:23.739  INFO 11952 --- [ngodb.net:27017] org.mongodb.driver.cluster               : Monitor thread successfully connected to server with description ServerDescription{address=ac-mab1ksh-shard-00-01.npmecby.mongodb.net:27017, type=REPLICA_SET_SECONDARY, state=CONNECTED, ok=true, version=ServerVersion{versionList=[5, 0, 8]}, minWireVersion=0, maxWireVersion=13, maxDocumentSize=16777216, logicalSessionTimeoutMinutes=30, roundTripTimeNanos=24571500, setName='atlas-n8vu6c-shard-0', canonicalAddress=ac-mab1ksh-shard-00-01.npmecby.mongodb.net:27017, hosts=[ac-mab1ksh-shard-00-00.npmecby.mongodb.net:27017, ac-mab1ksh-shard-00-02.npmecby.mongodb.net:27017, ac-mab1ksh-shard-00-01.npmecby.mongodb.net:27017], passives=[], arbiters=[], primary='ac-mab1ksh-shard-00-02.npmecby.mongodb.net:27017', tagSet=TagSet{[Tag{name='region', value='EU_CENTRAL_1'}, Tag{name='nodeType', value='ELECTABLE'}, Tag{name='workloadType', value='OPERATIONAL'}, Tag{name='provider', value='AWS'}]}, electionId=null, setVersion=8, lastWriteDate=Thu Jun 09 19:49:23 CEST 2022, lastUpdateTimeNanos=177735611665700}
2022-06-09 19:49:23.739  INFO 11952 --- [ngodb.net:27017] org.mongodb.driver.cluster               : Setting max election id to 7fffffff00000000000001fc from replica set primary ac-mab1ksh-shard-00-02.npmecby.mongodb.net:27017
2022-06-09 19:49:23.740  INFO 11952 --- [ngodb.net:27017] org.mongodb.driver.cluster               : Setting max set version to 8 from replica set primary ac-mab1ksh-shard-00-02.npmecby.mongodb.net:27017
2022-06-09 19:49:23.740  INFO 11952 --- [ngodb.net:27017] org.mongodb.driver.cluster               : Discovered replica set primary ac-mab1ksh-shard-00-02.npmecby.mongodb.net:27017
2022-06-09 19:49:23.758  INFO 11952 --- [ngodb.net:27017] org.mongodb.driver.cluster               : Monitor thread successfully connected to server with description ServerDescription{address=ac-mab1ksh-shard-00-00.npmecby.mongodb.net:27017, type=REPLICA_SET_SECONDARY, state=CONNECTED, ok=true, version=ServerVersion{versionList=[5, 0, 8]}, minWireVersion=0, maxWireVersion=13, maxDocumentSize=16777216, logicalSessionTimeoutMinutes=30, roundTripTimeNanos=26498300, setName='atlas-n8vu6c-shard-0', canonicalAddress=ac-mab1ksh-shard-00-00.npmecby.mongodb.net:27017, hosts=[ac-mab1ksh-shard-00-00.npmecby.mongodb.net:27017, ac-mab1ksh-shard-00-02.npmecby.mongodb.net:27017, ac-mab1ksh-shard-00-01.npmecby.mongodb.net:27017], passives=[], arbiters=[], primary='ac-mab1ksh-shard-00-02.npmecby.mongodb.net:27017', tagSet=TagSet{[Tag{name='provider', value='AWS'}, Tag{name='workloadType', value='OPERATIONAL'}, Tag{name='nodeType', value='ELECTABLE'}, Tag{name='region', value='EU_CENTRAL_1'}]}, electionId=null, setVersion=8, lastWriteDate=Thu Jun 09 19:49:23 CEST 2022, lastUpdateTimeNanos=177735630841100}
]]></system-out>
  </testcase>
  <testcase name="testUserFailsUpdateOthersComments" classname="mflix.api.daos.UpdateCreateCommentTest" time="0.062"/>
  <testcase name="testAddCommentWithId" classname="mflix.api.daos.UpdateCreateCommentTest" time="0.057">
    <failure message="Comment should have been correctly added. Check your addComments method ==&gt; expected: not &lt;null&gt;" type="org.opentest4j.AssertionFailedError"><![CDATA[org.opentest4j.AssertionFailedError: Comment should have been correctly added. Check your addComments method ==> expected: not <null>
	at mflix.api.daos.UpdateCreateCommentTest.testAddCommentWithId(UpdateCreateCommentTest.java:122)
]]></failure>
  </testcase>
</testsuite>