<?xml version="1.0" encoding="UTF-8"?>
<testsuite xmlns:xsi="http://www.w3.org/2001/XMLSchema-instance" xsi:noNamespaceSchemaLocation="https://maven.apache.org/surefire/maven-surefire-plugin/xsd/surefire-test-report.xsd" name="mflix.api.daos.UserReportTest" time="0.003" tests="1" errors="0" skipped="0" failures="1">
  <properties>
[...]
</properties>
  <testcase name="testMostActiveUserComments" classname="mflix.api.daos.UserReportTest" time="0.002">
    <failure message="mostActiveComments() should return 20 results ==&gt; expected: &lt;20&gt; but was: &lt;0&gt;" type="org.opentest4j.AssertionFailedError"><![CDATA[org.opentest4j.AssertionFailedError: mostActiveComments() should return 20 results ==> expected: <20> but was: <0>
	at mflix.api.daos.UserReportTest.testMostActiveUserComments(UserReportTest.java:42)
]]></failure>
    <system-out><![CDATA[2022-06-09 19:49:24.137  INFO 11952 --- [           main] .b.t.c.SpringBootTestContextBootstrapper : Neither @ContextConfiguration nor @ContextHierarchy found for test class [mflix.api.daos.UserReportTest], using SpringBootContextLoader
2022-06-09 19:49:24.138  INFO 11952 --- [           main] o.s.t.c.support.AbstractContextLoader    : Could not detect default resource locations for test class [mflix.api.daos.UserReportTest]: no resource found for suffixes {-context.xml, Context.groovy}.
2022-06-09 19:49:24.140  INFO 11952 --- [           main] .b.t.c.SpringBootTestContextBootstrapper : Loaded default TestExecutionListener class names from location [META-INF/spring.factories]: [org.springframework.boot.test.mock.mockito.MockitoTestExecutionListener, org.springframework.boot.test.mock.mockito.ResetMocksTestExecutionListener, org.springframework.boot.test.autoconfigure.restdocs.RestDocsTestExecutionListener, org.springframework.boot.test.autoconfigure.web.client.MockRestServiceServerResetTestExecutionListener, org.springframework.boot.test.autoconfigure.web.servlet.MockMvcPrintOnlyOnFailureTestExecutionListener, org.springframework.boot.test.autoconfigure.web.servlet.WebDriverTestExecutionListener, org.springframework.boot.test.autoconfigure.webservices.client.MockWebServiceServerTestExecutionListener, org.springframework.test.context.web.ServletTestExecutionListener, org.springframework.test.context.support.DirtiesContextBeforeModesTestExecutionListener, org.springframework.test.context.event.ApplicationEventsTestExecutionListener, org.springframework.test.context.support.DependencyInjectionTestExecutionListener, org.springframework.test.context.support.DirtiesContextTestExecutionListener, org.springframework.test.context.transaction.TransactionalTestExecutionListener, org.springframework.test.context.jdbc.SqlScriptsTestExecutionListener, org.springframework.test.context.event.EventPublishingTestExecutionListener]
2022-06-09 19:49:24.141  INFO 11952 --- [           main] .b.t.c.SpringBootTestContextBootstrapper : Using TestExecutionListeners: [org.springframework.test.context.web.ServletTestExecutionListener@73dbe25, org.springframework.test.context.support.DirtiesContextBeforeModesTestExecutionListener@bfd97fb, org.springframework.test.context.event.ApplicationEventsTestExecutionListener@6bfdaa7a, org.springframework.boot.test.mock.mockito.MockitoTestExecutionListener@7e3d168e, org.springframework.boot.test.autoconfigure.SpringBootDependencyInjectionTestExecutionListener@149b53fa, org.springframework.test.context.support.DirtiesContextTestExecutionListener@73be4cdd, org.springframework.test.context.event.EventPublishingTestExecutionListener@751686aa, org.springframework.boot.test.mock.mockito.ResetMocksTestExecutionListener@638977e0, org.springframework.boot.test.autoconfigure.restdocs.RestDocsTestExecutionListener@2dc3ece8, org.springframework.boot.test.autoconfigure.web.client.MockRestServiceServerResetTestExecutionListener@2c1a8529, org.springframework.boot.test.autoconfigure.web.servlet.MockMvcPrintOnlyOnFailureTestExecutionListener@6d7865d6, org.springframework.boot.test.autoconfigure.web.servlet.WebDriverTestExecutionListener@45e639ee, org.springframework.boot.test.autoconfigure.webservices.client.MockWebServiceServerTestExecutionListener@77f03916]
]]></system-out>
  </testcase>
</testsuite>